2025-02-21T04:07:38.299+07:00  INFO 9848 --- [doantonghiep] [restartedMain] c.n.d.DoantonghiepApplication            : Starting DoantonghiepApplication using Java 21.0.2 with PID 9848 (D:\DATN_KhuatQuanDuong\doantonghiep\target\classes started by ninhn in D:\DATN_KhuatQuanDuong\doantonghiep)
2025-02-21T04:07:38.305+07:00  INFO 9848 --- [doantonghiep] [restartedMain] c.n.d.DoantonghiepApplication            : No active profile set, falling back to 1 default profile: "default"
2025-02-21T04:07:38.377+07:00  INFO 9848 --- [doantonghiep] [restartedMain] .e.DevToolsPropertyDefaultsPostProcessor : Devtools property defaults active! Set 'spring.devtools.add-properties' to 'false' to disable
2025-02-21T04:07:38.377+07:00  INFO 9848 --- [doantonghiep] [restartedMain] .e.DevToolsPropertyDefaultsPostProcessor : For additional web related logging consider setting the 'logging.level.web' property to 'DEBUG'
2025-02-21T04:07:39.345+07:00  INFO 9848 --- [doantonghiep] [restartedMain] .s.d.r.c.RepositoryConfigurationDelegate : Multiple Spring Data modules found, entering strict repository configuration mode
2025-02-21T04:07:39.346+07:00  INFO 9848 --- [doantonghiep] [restartedMain] .s.d.r.c.RepositoryConfigurationDelegate : Bootstrapping Spring Data JDBC repositories in DEFAULT mode.
2025-02-21T04:07:39.402+07:00  INFO 9848 --- [doantonghiep] [restartedMain] .RepositoryConfigurationExtensionSupport : Spring Data JDBC - Could not safely identify store assignment for repository candidate interface com.nckhntu.doantonghiep.Repository.AppointmentRepository; If you want this repository to be a JDBC repository, consider annotating your entities with one of these annotations: org.springframework.data.relational.core.mapping.Table.
2025-02-21T04:07:39.405+07:00  INFO 9848 --- [doantonghiep] [restartedMain] .RepositoryConfigurationExtensionSupport : Spring Data JDBC - Could not safely identify store assignment for repository candidate interface com.nckhntu.doantonghiep.Repository.ChatRepository; If you want this repository to be a JDBC repository, consider annotating your entities with one of these annotations: org.springframework.data.relational.core.mapping.Table.
2025-02-21T04:07:39.407+07:00  INFO 9848 --- [doantonghiep] [restartedMain] .RepositoryConfigurationExtensionSupport : Spring Data JDBC - Could not safely identify store assignment for repository candidate interface com.nckhntu.doantonghiep.Repository.LogRepository; If you want this repository to be a JDBC repository, consider annotating your entities with one of these annotations: org.springframework.data.relational.core.mapping.Table.
2025-02-21T04:07:39.410+07:00  INFO 9848 --- [doantonghiep] [restartedMain] .RepositoryConfigurationExtensionSupport : Spring Data JDBC - Could not safely identify store assignment for repository candidate interface com.nckhntu.doantonghiep.Repository.PetRepository; If you want this repository to be a JDBC repository, consider annotating your entities with one of these annotations: org.springframework.data.relational.core.mapping.Table.
2025-02-21T04:07:39.413+07:00  INFO 9848 --- [doantonghiep] [restartedMain] .RepositoryConfigurationExtensionSupport : Spring Data JDBC - Could not safely identify store assignment for repository candidate interface com.nckhntu.doantonghiep.Repository.ReviewRepository; If you want this repository to be a JDBC repository, consider annotating your entities with one of these annotations: org.springframework.data.relational.core.mapping.Table.
2025-02-21T04:07:39.415+07:00  INFO 9848 --- [doantonghiep] [restartedMain] .RepositoryConfigurationExtensionSupport : Spring Data JDBC - Could not safely identify store assignment for repository candidate interface com.nckhntu.doantonghiep.Repository.RoomRepository; If you want this repository to be a JDBC repository, consider annotating your entities with one of these annotations: org.springframework.data.relational.core.mapping.Table.
2025-02-21T04:07:39.418+07:00  INFO 9848 --- [doantonghiep] [restartedMain] .RepositoryConfigurationExtensionSupport : Spring Data JDBC - Could not safely identify store assignment for repository candidate interface com.nckhntu.doantonghiep.Repository.ServiceRepository; If you want this repository to be a JDBC repository, consider annotating your entities with one of these annotations: org.springframework.data.relational.core.mapping.Table.
2025-02-21T04:07:39.420+07:00  INFO 9848 --- [doantonghiep] [restartedMain] .RepositoryConfigurationExtensionSupport : Spring Data JDBC - Could not safely identify store assignment for repository candidate interface com.nckhntu.doantonghiep.Repository.UserBuyPetRepository; If you want this repository to be a JDBC repository, consider annotating your entities with one of these annotations: org.springframework.data.relational.core.mapping.Table.
2025-02-21T04:07:39.423+07:00  INFO 9848 --- [doantonghiep] [restartedMain] .RepositoryConfigurationExtensionSupport : Spring Data JDBC - Could not safely identify store assignment for repository candidate interface com.nckhntu.doantonghiep.Repository.UserRepository; If you want this repository to be a JDBC repository, consider annotating your entities with one of these annotations: org.springframework.data.relational.core.mapping.Table.
2025-02-21T04:07:39.425+07:00  INFO 9848 --- [doantonghiep] [restartedMain] .s.d.r.c.RepositoryConfigurationDelegate : Finished Spring Data repository scanning in 69 ms. Found 0 JDBC repository interfaces.
2025-02-21T04:07:39.448+07:00  INFO 9848 --- [doantonghiep] [restartedMain] .s.d.r.c.RepositoryConfigurationDelegate : Multiple Spring Data modules found, entering strict repository configuration mode
2025-02-21T04:07:39.448+07:00  INFO 9848 --- [doantonghiep] [restartedMain] .s.d.r.c.RepositoryConfigurationDelegate : Bootstrapping Spring Data JPA repositories in DEFAULT mode.
2025-02-21T04:07:39.642+07:00  INFO 9848 --- [doantonghiep] [restartedMain] .s.d.r.c.RepositoryConfigurationDelegate : Finished Spring Data repository scanning in 188 ms. Found 9 JPA repository interfaces.
2025-02-21T04:07:40.006+07:00  WARN 9848 --- [doantonghiep] [restartedMain] trationDelegate$BeanPostProcessorChecker : Bean 'org.springframework.ws.config.annotation.DelegatingWsConfiguration' of type [org.springframework.ws.config.annotation.DelegatingWsConfiguration$$SpringCGLIB$$0] is not eligible for getting processed by all BeanPostProcessors (for example: not eligible for auto-proxying). The currently created BeanPostProcessor [annotationActionEndpointMapping] is declared through a non-static factory method on that class; consider declaring it as static instead.
2025-02-21T04:07:40.117+07:00  INFO 9848 --- [doantonghiep] [restartedMain] .w.s.a.s.AnnotationActionEndpointMapping : Supporting [WS-Addressing August 2004, WS-Addressing 1.0]
2025-02-21T04:07:40.516+07:00  INFO 9848 --- [doantonghiep] [restartedMain] o.s.b.w.embedded.tomcat.TomcatWebServer  : Tomcat initialized with port 8080 (http)
2025-02-21T04:07:40.532+07:00  INFO 9848 --- [doantonghiep] [restartedMain] o.apache.catalina.core.StandardService   : Starting service [Tomcat]
2025-02-21T04:07:40.533+07:00  INFO 9848 --- [doantonghiep] [restartedMain] o.apache.catalina.core.StandardEngine    : Starting Servlet engine: [Apache Tomcat/10.1.34]
2025-02-21T04:07:40.600+07:00  INFO 9848 --- [doantonghiep] [restartedMain] o.a.c.c.C.[Tomcat].[localhost].[/]       : Initializing Spring embedded WebApplicationContext
2025-02-21T04:07:40.601+07:00  INFO 9848 --- [doantonghiep] [restartedMain] w.s.c.ServletWebServerApplicationContext : Root WebApplicationContext: initialization completed in 2223 ms
2025-02-21T04:07:40.822+07:00  INFO 9848 --- [doantonghiep] [restartedMain] o.hibernate.jpa.internal.util.LogHelper  : HHH000204: Processing PersistenceUnitInfo [name: default]
2025-02-21T04:07:40.937+07:00  INFO 9848 --- [doantonghiep] [restartedMain] org.hibernate.Version                    : HHH000412: Hibernate ORM core version 6.6.5.Final
2025-02-21T04:07:40.997+07:00  INFO 9848 --- [doantonghiep] [restartedMain] o.h.c.internal.RegionFactoryInitiator    : HHH000026: Second-level cache disabled
2025-02-21T04:07:41.350+07:00  INFO 9848 --- [doantonghiep] [restartedMain] o.s.o.j.p.SpringPersistenceUnitInfo      : No LoadTimeWeaver setup: ignoring JPA class transformer
2025-02-21T04:07:41.388+07:00  INFO 9848 --- [doantonghiep] [restartedMain] com.zaxxer.hikari.HikariDataSource       : HikariPool-1 - Starting...
2025-02-21T04:07:41.817+07:00  INFO 9848 --- [doantonghiep] [restartedMain] com.zaxxer.hikari.pool.HikariPool        : HikariPool-1 - Added connection ConnectionID:1 ClientConnectionId: cff6bdec-5d23-4eea-8c5f-3e1adc23cb63
2025-02-21T04:07:41.819+07:00  INFO 9848 --- [doantonghiep] [restartedMain] com.zaxxer.hikari.HikariDataSource       : HikariPool-1 - Start completed.
2025-02-21T04:07:41.857+07:00  WARN 9848 --- [doantonghiep] [restartedMain] org.hibernate.orm.deprecation            : HHH90000025: SQLServer2012Dialect does not need to be specified explicitly using 'hibernate.dialect' (remove the property setting and it will be selected by default)
2025-02-21T04:07:41.858+07:00  WARN 9848 --- [doantonghiep] [restartedMain] org.hibernate.orm.deprecation            : HHH90000026: SQLServer2012Dialect has been deprecated; use org.hibernate.dialect.SQLServerDialect instead
2025-02-21T04:07:41.884+07:00  INFO 9848 --- [doantonghiep] [restartedMain] org.hibernate.orm.connections.pooling    : HHH10001005: Database info:
	Database JDBC URL [Connecting through datasource 'HikariDataSource (HikariPool-1)']
	Database driver: undefined/unknown
	Database version: 11.0
	Autocommit mode: undefined/unknown
	Isolation level: undefined/unknown
	Minimum pool size: undefined/unknown
	Maximum pool size: undefined/unknown
2025-02-21T04:07:43.108+07:00  INFO 9848 --- [doantonghiep] [restartedMain] o.h.e.t.j.p.i.JtaPlatformInitiator       : HHH000489: No JTA platform available (set 'hibernate.transaction.jta.platform' to enable JTA platform integration)
2025-02-21T04:07:44.291+07:00  INFO 9848 --- [doantonghiep] [restartedMain] j.LocalContainerEntityManagerFactoryBean : Initialized JPA EntityManagerFactory for persistence unit 'default'
2025-02-21T04:07:44.310+07:00  INFO 9848 --- [doantonghiep] [restartedMain] f.a.AutowiredAnnotationBeanPostProcessor : Autowired annotation is not supported on static fields: private static final long com.nckhntu.doantonghiep.Config.JwtAuthenticationEntryPoint.serialVersionUID
2025-02-21T04:07:44.653+07:00  INFO 9848 --- [doantonghiep] [restartedMain] o.s.d.j.r.query.QueryEnhancerFactory     : Hibernate is in classpath; If applicable, HQL parser will be used.
2025-02-21T04:07:45.432+07:00  INFO 9848 --- [doantonghiep] [restartedMain] r$InitializeUserDetailsManagerConfigurer : Global AuthenticationManager configured with UserDetailsService bean with name customUserDetailsService
2025-02-21T04:07:45.747+07:00  WARN 9848 --- [doantonghiep] [restartedMain] JpaBaseConfiguration$JpaWebConfiguration : spring.jpa.open-in-view is enabled by default. Therefore, database queries may be performed during view rendering. Explicitly configure spring.jpa.open-in-view to disable this warning
2025-02-21T04:07:45.843+07:00  WARN 9848 --- [doantonghiep] [restartedMain] ConfigServletWebServerApplicationContext : Exception encountered during context initialization - cancelling refresh attempt: org.springframework.beans.factory.BeanCreationException: Error creating bean with name 'requestMappingHandlerMapping' defined in class path resource [org/springframework/web/servlet/config/annotation/DelegatingWebMvcConfiguration.class]: Ambiguous mapping. Cannot map 'authController' method 
com.nckhntu.doantonghiep.Controller.AuthController#reSetPassword(ResetPasswordRequest, Model)
to {POST [/for-get-password]}: There is already 'authController' bean method
com.nckhntu.doantonghiep.Controller.AuthController#forgetPassword(String, Model) mapped.
2025-02-21T04:07:45.845+07:00  INFO 9848 --- [doantonghiep] [restartedMain] j.LocalContainerEntityManagerFactoryBean : Closing JPA EntityManagerFactory for persistence unit 'default'
2025-02-21T04:07:45.848+07:00  INFO 9848 --- [doantonghiep] [restartedMain] com.zaxxer.hikari.HikariDataSource       : HikariPool-1 - Shutdown initiated...
2025-02-21T04:07:45.850+07:00  INFO 9848 --- [doantonghiep] [restartedMain] com.zaxxer.hikari.HikariDataSource       : HikariPool-1 - Shutdown completed.
2025-02-21T04:07:45.853+07:00  INFO 9848 --- [doantonghiep] [restartedMain] o.apache.catalina.core.StandardService   : Stopping service [Tomcat]
2025-02-21T04:07:45.865+07:00  INFO 9848 --- [doantonghiep] [restartedMain] .s.b.a.l.ConditionEvaluationReportLogger : 

Error starting ApplicationContext. To display the condition evaluation report re-run your application with 'debug' enabled.
2025-02-21T04:07:45.888+07:00 ERROR 9848 --- [doantonghiep] [restartedMain] o.s.boot.SpringApplication               : Application run failed

org.springframework.beans.factory.BeanCreationException: Error creating bean with name 'requestMappingHandlerMapping' defined in class path resource [org/springframework/web/servlet/config/annotation/DelegatingWebMvcConfiguration.class]: Ambiguous mapping. Cannot map 'authController' method 
com.nckhntu.doantonghiep.Controller.AuthController#reSetPassword(ResetPasswordRequest, Model)
to {POST [/for-get-password]}: There is already 'authController' bean method
com.nckhntu.doantonghiep.Controller.AuthController#forgetPassword(String, Model) mapped.
	at org.springframework.beans.factory.support.AbstractAutowireCapableBeanFactory.initializeBean(AbstractAutowireCapableBeanFactory.java:1812) ~[spring-beans-6.2.2.jar:6.2.2]
	at org.springframework.beans.factory.support.AbstractAutowireCapableBeanFactory.doCreateBean(AbstractAutowireCapableBeanFactory.java:601) ~[spring-beans-6.2.2.jar:6.2.2]
	at org.springframework.beans.factory.support.AbstractAutowireCapableBeanFactory.createBean(AbstractAutowireCapableBeanFactory.java:523) ~[spring-beans-6.2.2.jar:6.2.2]
	at org.springframework.beans.factory.support.AbstractBeanFactory.lambda$doGetBean$0(AbstractBeanFactory.java:336) ~[spring-beans-6.2.2.jar:6.2.2]
	at org.springframework.beans.factory.support.DefaultSingletonBeanRegistry.getSingleton(DefaultSingletonBeanRegistry.java:307) ~[spring-beans-6.2.2.jar:6.2.2]
	at org.springframework.beans.factory.support.AbstractBeanFactory.doGetBean(AbstractBeanFactory.java:334) ~[spring-beans-6.2.2.jar:6.2.2]
	at org.springframework.beans.factory.support.AbstractBeanFactory.getBean(AbstractBeanFactory.java:199) ~[spring-beans-6.2.2.jar:6.2.2]
	at org.springframework.beans.factory.support.DefaultListableBeanFactory.instantiateSingleton(DefaultListableBeanFactory.java:1122) ~[spring-beans-6.2.2.jar:6.2.2]
	at org.springframework.beans.factory.support.DefaultListableBeanFactory.preInstantiateSingleton(DefaultListableBeanFactory.java:1093) ~[spring-beans-6.2.2.jar:6.2.2]
	at org.springframework.beans.factory.support.DefaultListableBeanFactory.preInstantiateSingletons(DefaultListableBeanFactory.java:1030) ~[spring-beans-6.2.2.jar:6.2.2]
	at org.springframework.context.support.AbstractApplicationContext.finishBeanFactoryInitialization(AbstractApplicationContext.java:987) ~[spring-context-6.2.2.jar:6.2.2]
	at org.springframework.context.support.AbstractApplicationContext.refresh(AbstractApplicationContext.java:627) ~[spring-context-6.2.2.jar:6.2.2]
	at org.springframework.boot.web.servlet.context.ServletWebServerApplicationContext.refresh(ServletWebServerApplicationContext.java:146) ~[spring-boot-3.4.2.jar:3.4.2]
	at org.springframework.boot.SpringApplication.refresh(SpringApplication.java:752) ~[spring-boot-3.4.2.jar:3.4.2]
	at org.springframework.boot.SpringApplication.refreshContext(SpringApplication.java:439) ~[spring-boot-3.4.2.jar:3.4.2]
	at org.springframework.boot.SpringApplication.run(SpringApplication.java:318) ~[spring-boot-3.4.2.jar:3.4.2]
	at org.springframework.boot.SpringApplication.run(SpringApplication.java:1361) ~[spring-boot-3.4.2.jar:3.4.2]
	at org.springframework.boot.SpringApplication.run(SpringApplication.java:1350) ~[spring-boot-3.4.2.jar:3.4.2]
	at com.nckhntu.doantonghiep.DoantonghiepApplication.main(DoantonghiepApplication.java:10) ~[classes/:na]
	at java.base/jdk.internal.reflect.DirectMethodHandleAccessor.invoke(DirectMethodHandleAccessor.java:103) ~[na:na]
	at java.base/java.lang.reflect.Method.invoke(Method.java:580) ~[na:na]
	at org.springframework.boot.devtools.restart.RestartLauncher.run(RestartLauncher.java:50) ~[spring-boot-devtools-3.4.2.jar:3.4.2]
Caused by: java.lang.IllegalStateException: Ambiguous mapping. Cannot map 'authController' method 
com.nckhntu.doantonghiep.Controller.AuthController#reSetPassword(ResetPasswordRequest, Model)
to {POST [/for-get-password]}: There is already 'authController' bean method
com.nckhntu.doantonghiep.Controller.AuthController#forgetPassword(String, Model) mapped.
	at org.springframework.web.servlet.handler.AbstractHandlerMethodMapping$MappingRegistry.validateMethodMapping(AbstractHandlerMethodMapping.java:675) ~[spring-webmvc-6.2.2.jar:6.2.2]
	at org.springframework.web.servlet.handler.AbstractHandlerMethodMapping$MappingRegistry.register(AbstractHandlerMethodMapping.java:637) ~[spring-webmvc-6.2.2.jar:6.2.2]
	at org.springframework.web.servlet.handler.AbstractHandlerMethodMapping.registerHandlerMethod(AbstractHandlerMethodMapping.java:331) ~[spring-webmvc-6.2.2.jar:6.2.2]
	at org.springframework.web.servlet.mvc.method.annotation.RequestMappingHandlerMapping.registerHandlerMethod(RequestMappingHandlerMapping.java:509) ~[spring-webmvc-6.2.2.jar:6.2.2]
	at org.springframework.web.servlet.mvc.method.annotation.RequestMappingHandlerMapping.registerHandlerMethod(RequestMappingHandlerMapping.java:84) ~[spring-webmvc-6.2.2.jar:6.2.2]
	at org.springframework.web.servlet.handler.AbstractHandlerMethodMapping.lambda$detectHandlerMethods$2(AbstractHandlerMethodMapping.java:298) ~[spring-webmvc-6.2.2.jar:6.2.2]
	at java.base/java.util.LinkedHashMap.forEach(LinkedHashMap.java:986) ~[na:na]
	at org.springframework.web.servlet.handler.AbstractHandlerMethodMapping.detectHandlerMethods(AbstractHandlerMethodMapping.java:296) ~[spring-webmvc-6.2.2.jar:6.2.2]
	at org.springframework.web.servlet.handler.AbstractHandlerMethodMapping.processCandidateBean(AbstractHandlerMethodMapping.java:265) ~[spring-webmvc-6.2.2.jar:6.2.2]
	at org.springframework.web.servlet.handler.AbstractHandlerMethodMapping.initHandlerMethods(AbstractHandlerMethodMapping.java:224) ~[spring-webmvc-6.2.2.jar:6.2.2]
	at org.springframework.web.servlet.handler.AbstractHandlerMethodMapping.afterPropertiesSet(AbstractHandlerMethodMapping.java:212) ~[spring-webmvc-6.2.2.jar:6.2.2]
	at org.springframework.web.servlet.mvc.method.annotation.RequestMappingHandlerMapping.afterPropertiesSet(RequestMappingHandlerMapping.java:239) ~[spring-webmvc-6.2.2.jar:6.2.2]
	at org.springframework.beans.factory.support.AbstractAutowireCapableBeanFactory.invokeInitMethods(AbstractAutowireCapableBeanFactory.java:1859) ~[spring-beans-6.2.2.jar:6.2.2]
	at org.springframework.beans.factory.support.AbstractAutowireCapableBeanFactory.initializeBean(AbstractAutowireCapableBeanFactory.java:1808) ~[spring-beans-6.2.2.jar:6.2.2]
	... 21 common frames omitted

2025-02-21T04:08:17.962+07:00  INFO 16724 --- [doantonghiep] [restartedMain] c.n.d.DoantonghiepApplication            : Starting DoantonghiepApplication using Java 21.0.2 with PID 16724 (D:\DATN_KhuatQuanDuong\doantonghiep\target\classes started by ninhn in D:\DATN_KhuatQuanDuong\doantonghiep)
2025-02-21T04:08:17.965+07:00  INFO 16724 --- [doantonghiep] [restartedMain] c.n.d.DoantonghiepApplication            : No active profile set, falling back to 1 default profile: "default"
2025-02-21T04:08:18.021+07:00  INFO 16724 --- [doantonghiep] [restartedMain] .e.DevToolsPropertyDefaultsPostProcessor : Devtools property defaults active! Set 'spring.devtools.add-properties' to 'false' to disable
2025-02-21T04:08:18.021+07:00  INFO 16724 --- [doantonghiep] [restartedMain] .e.DevToolsPropertyDefaultsPostProcessor : For additional web related logging consider setting the 'logging.level.web' property to 'DEBUG'
2025-02-21T04:08:18.873+07:00  INFO 16724 --- [doantonghiep] [restartedMain] .s.d.r.c.RepositoryConfigurationDelegate : Multiple Spring Data modules found, entering strict repository configuration mode
2025-02-21T04:08:18.874+07:00  INFO 16724 --- [doantonghiep] [restartedMain] .s.d.r.c.RepositoryConfigurationDelegate : Bootstrapping Spring Data JDBC repositories in DEFAULT mode.
2025-02-21T04:08:18.915+07:00  INFO 16724 --- [doantonghiep] [restartedMain] .RepositoryConfigurationExtensionSupport : Spring Data JDBC - Could not safely identify store assignment for repository candidate interface com.nckhntu.doantonghiep.Repository.AppointmentRepository; If you want this repository to be a JDBC repository, consider annotating your entities with one of these annotations: org.springframework.data.relational.core.mapping.Table.
2025-02-21T04:08:18.917+07:00  INFO 16724 --- [doantonghiep] [restartedMain] .RepositoryConfigurationExtensionSupport : Spring Data JDBC - Could not safely identify store assignment for repository candidate interface com.nckhntu.doantonghiep.Repository.ChatRepository; If you want this repository to be a JDBC repository, consider annotating your entities with one of these annotations: org.springframework.data.relational.core.mapping.Table.
2025-02-21T04:08:18.919+07:00  INFO 16724 --- [doantonghiep] [restartedMain] .RepositoryConfigurationExtensionSupport : Spring Data JDBC - Could not safely identify store assignment for repository candidate interface com.nckhntu.doantonghiep.Repository.LogRepository; If you want this repository to be a JDBC repository, consider annotating your entities with one of these annotations: org.springframework.data.relational.core.mapping.Table.
2025-02-21T04:08:18.922+07:00  INFO 16724 --- [doantonghiep] [restartedMain] .RepositoryConfigurationExtensionSupport : Spring Data JDBC - Could not safely identify store assignment for repository candidate interface com.nckhntu.doantonghiep.Repository.PetRepository; If you want this repository to be a JDBC repository, consider annotating your entities with one of these annotations: org.springframework.data.relational.core.mapping.Table.
2025-02-21T04:08:18.923+07:00  INFO 16724 --- [doantonghiep] [restartedMain] .RepositoryConfigurationExtensionSupport : Spring Data JDBC - Could not safely identify store assignment for repository candidate interface com.nckhntu.doantonghiep.Repository.ReviewRepository; If you want this repository to be a JDBC repository, consider annotating your entities with one of these annotations: org.springframework.data.relational.core.mapping.Table.
2025-02-21T04:08:18.925+07:00  INFO 16724 --- [doantonghiep] [restartedMain] .RepositoryConfigurationExtensionSupport : Spring Data JDBC - Could not safely identify store assignment for repository candidate interface com.nckhntu.doantonghiep.Repository.RoomRepository; If you want this repository to be a JDBC repository, consider annotating your entities with one of these annotations: org.springframework.data.relational.core.mapping.Table.
2025-02-21T04:08:18.928+07:00  INFO 16724 --- [doantonghiep] [restartedMain] .RepositoryConfigurationExtensionSupport : Spring Data JDBC - Could not safely identify store assignment for repository candidate interface com.nckhntu.doantonghiep.Repository.ServiceRepository; If you want this repository to be a JDBC repository, consider annotating your entities with one of these annotations: org.springframework.data.relational.core.mapping.Table.
2025-02-21T04:08:18.929+07:00  INFO 16724 --- [doantonghiep] [restartedMain] .RepositoryConfigurationExtensionSupport : Spring Data JDBC - Could not safely identify store assignment for repository candidate interface com.nckhntu.doantonghiep.Repository.UserBuyPetRepository; If you want this repository to be a JDBC repository, consider annotating your entities with one of these annotations: org.springframework.data.relational.core.mapping.Table.
2025-02-21T04:08:18.932+07:00  INFO 16724 --- [doantonghiep] [restartedMain] .RepositoryConfigurationExtensionSupport : Spring Data JDBC - Could not safely identify store assignment for repository candidate interface com.nckhntu.doantonghiep.Repository.UserRepository; If you want this repository to be a JDBC repository, consider annotating your entities with one of these annotations: org.springframework.data.relational.core.mapping.Table.
2025-02-21T04:08:18.933+07:00  INFO 16724 --- [doantonghiep] [restartedMain] .s.d.r.c.RepositoryConfigurationDelegate : Finished Spring Data repository scanning in 52 ms. Found 0 JDBC repository interfaces.
2025-02-21T04:08:18.944+07:00  INFO 16724 --- [doantonghiep] [restartedMain] .s.d.r.c.RepositoryConfigurationDelegate : Multiple Spring Data modules found, entering strict repository configuration mode
2025-02-21T04:08:18.945+07:00  INFO 16724 --- [doantonghiep] [restartedMain] .s.d.r.c.RepositoryConfigurationDelegate : Bootstrapping Spring Data JPA repositories in DEFAULT mode.
2025-02-21T04:08:19.089+07:00  INFO 16724 --- [doantonghiep] [restartedMain] .s.d.r.c.RepositoryConfigurationDelegate : Finished Spring Data repository scanning in 139 ms. Found 9 JPA repository interfaces.
2025-02-21T04:08:19.470+07:00  WARN 16724 --- [doantonghiep] [restartedMain] trationDelegate$BeanPostProcessorChecker : Bean 'org.springframework.ws.config.annotation.DelegatingWsConfiguration' of type [org.springframework.ws.config.annotation.DelegatingWsConfiguration$$SpringCGLIB$$0] is not eligible for getting processed by all BeanPostProcessors (for example: not eligible for auto-proxying). The currently created BeanPostProcessor [annotationActionEndpointMapping] is declared through a non-static factory method on that class; consider declaring it as static instead.
2025-02-21T04:08:19.505+07:00  INFO 16724 --- [doantonghiep] [restartedMain] .w.s.a.s.AnnotationActionEndpointMapping : Supporting [WS-Addressing August 2004, WS-Addressing 1.0]
2025-02-21T04:08:19.851+07:00  INFO 16724 --- [doantonghiep] [restartedMain] o.s.b.w.embedded.tomcat.TomcatWebServer  : Tomcat initialized with port 8080 (http)
2025-02-21T04:08:19.863+07:00  INFO 16724 --- [doantonghiep] [restartedMain] o.apache.catalina.core.StandardService   : Starting service [Tomcat]
2025-02-21T04:08:19.864+07:00  INFO 16724 --- [doantonghiep] [restartedMain] o.apache.catalina.core.StandardEngine    : Starting Servlet engine: [Apache Tomcat/10.1.34]
2025-02-21T04:08:19.947+07:00  INFO 16724 --- [doantonghiep] [restartedMain] o.a.c.c.C.[Tomcat].[localhost].[/]       : Initializing Spring embedded WebApplicationContext
2025-02-21T04:08:19.947+07:00  INFO 16724 --- [doantonghiep] [restartedMain] w.s.c.ServletWebServerApplicationContext : Root WebApplicationContext: initialization completed in 1925 ms
2025-02-21T04:08:20.145+07:00  INFO 16724 --- [doantonghiep] [restartedMain] o.hibernate.jpa.internal.util.LogHelper  : HHH000204: Processing PersistenceUnitInfo [name: default]
2025-02-21T04:08:20.205+07:00  INFO 16724 --- [doantonghiep] [restartedMain] org.hibernate.Version                    : HHH000412: Hibernate ORM core version 6.6.5.Final
2025-02-21T04:08:20.240+07:00  INFO 16724 --- [doantonghiep] [restartedMain] o.h.c.internal.RegionFactoryInitiator    : HHH000026: Second-level cache disabled
2025-02-21T04:08:20.528+07:00  INFO 16724 --- [doantonghiep] [restartedMain] o.s.o.j.p.SpringPersistenceUnitInfo      : No LoadTimeWeaver setup: ignoring JPA class transformer
2025-02-21T04:08:20.558+07:00  INFO 16724 --- [doantonghiep] [restartedMain] com.zaxxer.hikari.HikariDataSource       : HikariPool-1 - Starting...
2025-02-21T04:08:20.859+07:00  INFO 16724 --- [doantonghiep] [restartedMain] com.zaxxer.hikari.pool.HikariPool        : HikariPool-1 - Added connection ConnectionID:1 ClientConnectionId: 99db5cf7-41fd-4948-8f61-4ecc1c6e0de3
2025-02-21T04:08:20.861+07:00  INFO 16724 --- [doantonghiep] [restartedMain] com.zaxxer.hikari.HikariDataSource       : HikariPool-1 - Start completed.
2025-02-21T04:08:20.887+07:00  WARN 16724 --- [doantonghiep] [restartedMain] org.hibernate.orm.deprecation            : HHH90000025: SQLServer2012Dialect does not need to be specified explicitly using 'hibernate.dialect' (remove the property setting and it will be selected by default)
2025-02-21T04:08:20.889+07:00  WARN 16724 --- [doantonghiep] [restartedMain] org.hibernate.orm.deprecation            : HHH90000026: SQLServer2012Dialect has been deprecated; use org.hibernate.dialect.SQLServerDialect instead
2025-02-21T04:08:20.914+07:00  INFO 16724 --- [doantonghiep] [restartedMain] org.hibernate.orm.connections.pooling    : HHH10001005: Database info:
	Database JDBC URL [Connecting through datasource 'HikariDataSource (HikariPool-1)']
	Database driver: undefined/unknown
	Database version: 11.0
	Autocommit mode: undefined/unknown
	Isolation level: undefined/unknown
	Minimum pool size: undefined/unknown
	Maximum pool size: undefined/unknown
2025-02-21T04:08:21.950+07:00  INFO 16724 --- [doantonghiep] [restartedMain] o.h.e.t.j.p.i.JtaPlatformInitiator       : HHH000489: No JTA platform available (set 'hibernate.transaction.jta.platform' to enable JTA platform integration)
2025-02-21T04:08:22.848+07:00  INFO 16724 --- [doantonghiep] [restartedMain] j.LocalContainerEntityManagerFactoryBean : Initialized JPA EntityManagerFactory for persistence unit 'default'
2025-02-21T04:08:22.868+07:00  INFO 16724 --- [doantonghiep] [restartedMain] f.a.AutowiredAnnotationBeanPostProcessor : Autowired annotation is not supported on static fields: private static final long com.nckhntu.doantonghiep.Config.JwtAuthenticationEntryPoint.serialVersionUID
2025-02-21T04:08:23.174+07:00  INFO 16724 --- [doantonghiep] [restartedMain] o.s.d.j.r.query.QueryEnhancerFactory     : Hibernate is in classpath; If applicable, HQL parser will be used.
2025-02-21T04:08:23.779+07:00  INFO 16724 --- [doantonghiep] [restartedMain] r$InitializeUserDetailsManagerConfigurer : Global AuthenticationManager configured with UserDetailsService bean with name customUserDetailsService
2025-02-21T04:08:24.095+07:00  WARN 16724 --- [doantonghiep] [restartedMain] JpaBaseConfiguration$JpaWebConfiguration : spring.jpa.open-in-view is enabled by default. Therefore, database queries may be performed during view rendering. Explicitly configure spring.jpa.open-in-view to disable this warning
2025-02-21T04:08:24.712+07:00  WARN 16724 --- [doantonghiep] [restartedMain] o.s.data.convert.CustomConversions       : Registering converter from class microsoft.sql.DateTimeOffset to class java.time.OffsetDateTime as reading converter although it doesn't convert from a store-supported type; You might want to check your annotation setup at the converter implementation
2025-02-21T04:08:24.712+07:00  WARN 16724 --- [doantonghiep] [restartedMain] o.s.data.convert.CustomConversions       : Registering converter from class microsoft.sql.DateTimeOffset to class java.time.Instant as reading converter although it doesn't convert from a store-supported type; You might want to check your annotation setup at the converter implementation
2025-02-21T04:08:24.878+07:00  INFO 16724 --- [doantonghiep] [restartedMain] o.s.b.d.a.OptionalLiveReloadServer       : LiveReload server is running on port 35729
2025-02-21T04:08:24.987+07:00  INFO 16724 --- [doantonghiep] [restartedMain] o.s.b.w.embedded.tomcat.TomcatWebServer  : Tomcat started on port 8080 (http) with context path '/'
2025-02-21T04:08:24.995+07:00  INFO 16724 --- [doantonghiep] [restartedMain] c.n.d.DoantonghiepApplication            : Started DoantonghiepApplication in 7.549 seconds (process running for 8.453)
2025-02-21T04:08:31.602+07:00  INFO 16724 --- [doantonghiep] [http-nio-8080-exec-1] o.a.c.c.C.[Tomcat].[localhost].[/]       : Initializing Spring DispatcherServlet 'dispatcherServlet'
2025-02-21T04:08:31.603+07:00  INFO 16724 --- [doantonghiep] [http-nio-8080-exec-1] o.s.web.servlet.DispatcherServlet        : Initializing Servlet 'dispatcherServlet'
2025-02-21T04:08:31.604+07:00  INFO 16724 --- [doantonghiep] [http-nio-8080-exec-1] o.s.web.servlet.DispatcherServlet        : Completed initialization in 1 ms
2025-02-21T04:12:47.470+07:00  INFO 16724 --- [doantonghiep] [SpringApplicationShutdownHook] o.s.b.w.e.tomcat.GracefulShutdown        : Commencing graceful shutdown. Waiting for active requests to complete
2025-02-21T04:12:47.519+07:00  INFO 16724 --- [doantonghiep] [tomcat-shutdown] o.s.b.w.e.tomcat.GracefulShutdown        : Graceful shutdown complete
2025-02-21T04:12:47.557+07:00  INFO 16724 --- [doantonghiep] [SpringApplicationShutdownHook] j.LocalContainerEntityManagerFactoryBean : Closing JPA EntityManagerFactory for persistence unit 'default'
2025-02-21T04:12:47.560+07:00  INFO 16724 --- [doantonghiep] [SpringApplicationShutdownHook] com.zaxxer.hikari.HikariDataSource       : HikariPool-1 - Shutdown initiated...
2025-02-21T04:12:47.563+07:00  INFO 16724 --- [doantonghiep] [SpringApplicationShutdownHook] com.zaxxer.hikari.HikariDataSource       : HikariPool-1 - Shutdown completed.
2025-02-21T04:12:52.214+07:00  INFO 3224 --- [doantonghiep] [restartedMain] c.n.d.DoantonghiepApplication            : Starting DoantonghiepApplication using Java 21.0.2 with PID 3224 (D:\DATN_KhuatQuanDuong\doantonghiep\target\classes started by ninhn in D:\DATN_KhuatQuanDuong\doantonghiep)
2025-02-21T04:12:52.216+07:00  INFO 3224 --- [doantonghiep] [restartedMain] c.n.d.DoantonghiepApplication            : No active profile set, falling back to 1 default profile: "default"
2025-02-21T04:12:52.267+07:00  INFO 3224 --- [doantonghiep] [restartedMain] .e.DevToolsPropertyDefaultsPostProcessor : Devtools property defaults active! Set 'spring.devtools.add-properties' to 'false' to disable
2025-02-21T04:12:52.267+07:00  INFO 3224 --- [doantonghiep] [restartedMain] .e.DevToolsPropertyDefaultsPostProcessor : For additional web related logging consider setting the 'logging.level.web' property to 'DEBUG'
2025-02-21T04:12:53.200+07:00  INFO 3224 --- [doantonghiep] [restartedMain] .s.d.r.c.RepositoryConfigurationDelegate : Multiple Spring Data modules found, entering strict repository configuration mode
2025-02-21T04:12:53.202+07:00  INFO 3224 --- [doantonghiep] [restartedMain] .s.d.r.c.RepositoryConfigurationDelegate : Bootstrapping Spring Data JDBC repositories in DEFAULT mode.
2025-02-21T04:12:53.247+07:00  INFO 3224 --- [doantonghiep] [restartedMain] .RepositoryConfigurationExtensionSupport : Spring Data JDBC - Could not safely identify store assignment for repository candidate interface com.nckhntu.doantonghiep.Repository.AppointmentRepository; If you want this repository to be a JDBC repository, consider annotating your entities with one of these annotations: org.springframework.data.relational.core.mapping.Table.
2025-02-21T04:12:53.249+07:00  INFO 3224 --- [doantonghiep] [restartedMain] .RepositoryConfigurationExtensionSupport : Spring Data JDBC - Could not safely identify store assignment for repository candidate interface com.nckhntu.doantonghiep.Repository.ChatRepository; If you want this repository to be a JDBC repository, consider annotating your entities with one of these annotations: org.springframework.data.relational.core.mapping.Table.
2025-02-21T04:12:53.252+07:00  INFO 3224 --- [doantonghiep] [restartedMain] .RepositoryConfigurationExtensionSupport : Spring Data JDBC - Could not safely identify store assignment for repository candidate interface com.nckhntu.doantonghiep.Repository.LogRepository; If you want this repository to be a JDBC repository, consider annotating your entities with one of these annotations: org.springframework.data.relational.core.mapping.Table.
2025-02-21T04:12:53.253+07:00  INFO 3224 --- [doantonghiep] [restartedMain] .RepositoryConfigurationExtensionSupport : Spring Data JDBC - Could not safely identify store assignment for repository candidate interface com.nckhntu.doantonghiep.Repository.PetRepository; If you want this repository to be a JDBC repository, consider annotating your entities with one of these annotations: org.springframework.data.relational.core.mapping.Table.
2025-02-21T04:12:53.255+07:00  INFO 3224 --- [doantonghiep] [restartedMain] .RepositoryConfigurationExtensionSupport : Spring Data JDBC - Could not safely identify store assignment for repository candidate interface com.nckhntu.doantonghiep.Repository.ReviewRepository; If you want this repository to be a JDBC repository, consider annotating your entities with one of these annotations: org.springframework.data.relational.core.mapping.Table.
2025-02-21T04:12:53.257+07:00  INFO 3224 --- [doantonghiep] [restartedMain] .RepositoryConfigurationExtensionSupport : Spring Data JDBC - Could not safely identify store assignment for repository candidate interface com.nckhntu.doantonghiep.Repository.RoomRepository; If you want this repository to be a JDBC repository, consider annotating your entities with one of these annotations: org.springframework.data.relational.core.mapping.Table.
2025-02-21T04:12:53.258+07:00  INFO 3224 --- [doantonghiep] [restartedMain] .RepositoryConfigurationExtensionSupport : Spring Data JDBC - Could not safely identify store assignment for repository candidate interface com.nckhntu.doantonghiep.Repository.ServiceRepository; If you want this repository to be a JDBC repository, consider annotating your entities with one of these annotations: org.springframework.data.relational.core.mapping.Table.
2025-02-21T04:12:53.260+07:00  INFO 3224 --- [doantonghiep] [restartedMain] .RepositoryConfigurationExtensionSupport : Spring Data JDBC - Could not safely identify store assignment for repository candidate interface com.nckhntu.doantonghiep.Repository.UserBuyPetRepository; If you want this repository to be a JDBC repository, consider annotating your entities with one of these annotations: org.springframework.data.relational.core.mapping.Table.
2025-02-21T04:12:53.263+07:00  INFO 3224 --- [doantonghiep] [restartedMain] .RepositoryConfigurationExtensionSupport : Spring Data JDBC - Could not safely identify store assignment for repository candidate interface com.nckhntu.doantonghiep.Repository.UserRepository; If you want this repository to be a JDBC repository, consider annotating your entities with one of these annotations: org.springframework.data.relational.core.mapping.Table.
2025-02-21T04:12:53.265+07:00  INFO 3224 --- [doantonghiep] [restartedMain] .s.d.r.c.RepositoryConfigurationDelegate : Finished Spring Data repository scanning in 55 ms. Found 0 JDBC repository interfaces.
2025-02-21T04:12:53.276+07:00  INFO 3224 --- [doantonghiep] [restartedMain] .s.d.r.c.RepositoryConfigurationDelegate : Multiple Spring Data modules found, entering strict repository configuration mode
2025-02-21T04:12:53.277+07:00  INFO 3224 --- [doantonghiep] [restartedMain] .s.d.r.c.RepositoryConfigurationDelegate : Bootstrapping Spring Data JPA repositories in DEFAULT mode.
2025-02-21T04:12:53.442+07:00  INFO 3224 --- [doantonghiep] [restartedMain] .s.d.r.c.RepositoryConfigurationDelegate : Finished Spring Data repository scanning in 159 ms. Found 9 JPA repository interfaces.
2025-02-21T04:12:53.893+07:00  WARN 3224 --- [doantonghiep] [restartedMain] trationDelegate$BeanPostProcessorChecker : Bean 'org.springframework.ws.config.annotation.DelegatingWsConfiguration' of type [org.springframework.ws.config.annotation.DelegatingWsConfiguration$$SpringCGLIB$$0] is not eligible for getting processed by all BeanPostProcessors (for example: not eligible for auto-proxying). The currently created BeanPostProcessor [annotationActionEndpointMapping] is declared through a non-static factory method on that class; consider declaring it as static instead.
2025-02-21T04:12:53.938+07:00  INFO 3224 --- [doantonghiep] [restartedMain] .w.s.a.s.AnnotationActionEndpointMapping : Supporting [WS-Addressing August 2004, WS-Addressing 1.0]
2025-02-21T04:12:54.319+07:00  INFO 3224 --- [doantonghiep] [restartedMain] o.s.b.w.embedded.tomcat.TomcatWebServer  : Tomcat initialized with port 8080 (http)
2025-02-21T04:12:54.333+07:00  INFO 3224 --- [doantonghiep] [restartedMain] o.apache.catalina.core.StandardService   : Starting service [Tomcat]
2025-02-21T04:12:54.334+07:00  INFO 3224 --- [doantonghiep] [restartedMain] o.apache.catalina.core.StandardEngine    : Starting Servlet engine: [Apache Tomcat/10.1.34]
2025-02-21T04:12:54.395+07:00  INFO 3224 --- [doantonghiep] [restartedMain] o.a.c.c.C.[Tomcat].[localhost].[/]       : Initializing Spring embedded WebApplicationContext
2025-02-21T04:12:54.395+07:00  INFO 3224 --- [doantonghiep] [restartedMain] w.s.c.ServletWebServerApplicationContext : Root WebApplicationContext: initialization completed in 2127 ms
2025-02-21T04:12:54.623+07:00  INFO 3224 --- [doantonghiep] [restartedMain] o.hibernate.jpa.internal.util.LogHelper  : HHH000204: Processing PersistenceUnitInfo [name: default]
2025-02-21T04:12:54.693+07:00  INFO 3224 --- [doantonghiep] [restartedMain] org.hibernate.Version                    : HHH000412: Hibernate ORM core version 6.6.5.Final
2025-02-21T04:12:54.731+07:00  INFO 3224 --- [doantonghiep] [restartedMain] o.h.c.internal.RegionFactoryInitiator    : HHH000026: Second-level cache disabled
2025-02-21T04:12:55.040+07:00  INFO 3224 --- [doantonghiep] [restartedMain] o.s.o.j.p.SpringPersistenceUnitInfo      : No LoadTimeWeaver setup: ignoring JPA class transformer
2025-02-21T04:12:55.074+07:00  INFO 3224 --- [doantonghiep] [restartedMain] com.zaxxer.hikari.HikariDataSource       : HikariPool-1 - Starting...
2025-02-21T04:12:55.408+07:00  INFO 3224 --- [doantonghiep] [restartedMain] com.zaxxer.hikari.pool.HikariPool        : HikariPool-1 - Added connection ConnectionID:1 ClientConnectionId: 03f8be44-77c3-4380-8ba9-d46b0cc32971
2025-02-21T04:12:55.410+07:00  INFO 3224 --- [doantonghiep] [restartedMain] com.zaxxer.hikari.HikariDataSource       : HikariPool-1 - Start completed.
2025-02-21T04:12:55.438+07:00  WARN 3224 --- [doantonghiep] [restartedMain] org.hibernate.orm.deprecation            : HHH90000025: SQLServer2012Dialect does not need to be specified explicitly using 'hibernate.dialect' (remove the property setting and it will be selected by default)
2025-02-21T04:12:55.438+07:00  WARN 3224 --- [doantonghiep] [restartedMain] org.hibernate.orm.deprecation            : HHH90000026: SQLServer2012Dialect has been deprecated; use org.hibernate.dialect.SQLServerDialect instead
2025-02-21T04:12:55.463+07:00  INFO 3224 --- [doantonghiep] [restartedMain] org.hibernate.orm.connections.pooling    : HHH10001005: Database info:
	Database JDBC URL [Connecting through datasource 'HikariDataSource (HikariPool-1)']
	Database driver: undefined/unknown
	Database version: 11.0
	Autocommit mode: undefined/unknown
	Isolation level: undefined/unknown
	Minimum pool size: undefined/unknown
	Maximum pool size: undefined/unknown
2025-02-21T04:12:56.571+07:00  INFO 3224 --- [doantonghiep] [restartedMain] o.h.e.t.j.p.i.JtaPlatformInitiator       : HHH000489: No JTA platform available (set 'hibernate.transaction.jta.platform' to enable JTA platform integration)
2025-02-21T04:12:57.454+07:00  INFO 3224 --- [doantonghiep] [restartedMain] j.LocalContainerEntityManagerFactoryBean : Initialized JPA EntityManagerFactory for persistence unit 'default'
2025-02-21T04:12:57.480+07:00  INFO 3224 --- [doantonghiep] [restartedMain] f.a.AutowiredAnnotationBeanPostProcessor : Autowired annotation is not supported on static fields: private static final long com.nckhntu.doantonghiep.Config.JwtAuthenticationEntryPoint.serialVersionUID
2025-02-21T04:12:57.804+07:00  INFO 3224 --- [doantonghiep] [restartedMain] o.s.d.j.r.query.QueryEnhancerFactory     : Hibernate is in classpath; If applicable, HQL parser will be used.
2025-02-21T04:12:59.313+07:00  INFO 3224 --- [doantonghiep] [restartedMain] r$InitializeUserDetailsManagerConfigurer : Global AuthenticationManager configured with UserDetailsService bean with name customUserDetailsService
2025-02-21T04:12:59.773+07:00  WARN 3224 --- [doantonghiep] [restartedMain] JpaBaseConfiguration$JpaWebConfiguration : spring.jpa.open-in-view is enabled by default. Therefore, database queries may be performed during view rendering. Explicitly configure spring.jpa.open-in-view to disable this warning
2025-02-21T04:13:00.720+07:00  WARN 3224 --- [doantonghiep] [restartedMain] o.s.data.convert.CustomConversions       : Registering converter from class microsoft.sql.DateTimeOffset to class java.time.OffsetDateTime as reading converter although it doesn't convert from a store-supported type; You might want to check your annotation setup at the converter implementation
2025-02-21T04:13:00.721+07:00  WARN 3224 --- [doantonghiep] [restartedMain] o.s.data.convert.CustomConversions       : Registering converter from class microsoft.sql.DateTimeOffset to class java.time.Instant as reading converter although it doesn't convert from a store-supported type; You might want to check your annotation setup at the converter implementation
2025-02-21T04:13:00.999+07:00  INFO 3224 --- [doantonghiep] [restartedMain] o.s.b.d.a.OptionalLiveReloadServer       : LiveReload server is running on port 35729
2025-02-21T04:13:01.165+07:00  INFO 3224 --- [doantonghiep] [restartedMain] o.s.b.w.embedded.tomcat.TomcatWebServer  : Tomcat started on port 8080 (http) with context path '/'
2025-02-21T04:13:01.207+07:00  INFO 3224 --- [doantonghiep] [restartedMain] c.n.d.DoantonghiepApplication            : Started DoantonghiepApplication in 9.576 seconds (process running for 11.734)
2025-02-21T04:13:05.801+07:00  INFO 3224 --- [doantonghiep] [http-nio-8080-exec-1] o.a.c.c.C.[Tomcat].[localhost].[/]       : Initializing Spring DispatcherServlet 'dispatcherServlet'
2025-02-21T04:13:05.801+07:00  INFO 3224 --- [doantonghiep] [http-nio-8080-exec-1] o.s.web.servlet.DispatcherServlet        : Initializing Servlet 'dispatcherServlet'
2025-02-21T04:13:05.803+07:00  INFO 3224 --- [doantonghiep] [http-nio-8080-exec-1] o.s.web.servlet.DispatcherServlet        : Completed initialization in 2 ms
2025-02-21T04:14:11.277+07:00  INFO 3224 --- [doantonghiep] [SpringApplicationShutdownHook] o.s.b.w.e.tomcat.GracefulShutdown        : Commencing graceful shutdown. Waiting for active requests to complete
2025-02-21T04:14:11.296+07:00  INFO 3224 --- [doantonghiep] [tomcat-shutdown] o.s.b.w.e.tomcat.GracefulShutdown        : Graceful shutdown complete
2025-02-21T04:14:11.356+07:00  INFO 3224 --- [doantonghiep] [SpringApplicationShutdownHook] j.LocalContainerEntityManagerFactoryBean : Closing JPA EntityManagerFactory for persistence unit 'default'
2025-02-21T04:14:11.360+07:00  INFO 3224 --- [doantonghiep] [SpringApplicationShutdownHook] com.zaxxer.hikari.HikariDataSource       : HikariPool-1 - Shutdown initiated...
2025-02-21T04:14:11.362+07:00  INFO 3224 --- [doantonghiep] [SpringApplicationShutdownHook] com.zaxxer.hikari.HikariDataSource       : HikariPool-1 - Shutdown completed.
2025-02-21T04:14:17.136+07:00  INFO 10816 --- [doantonghiep] [restartedMain] c.n.d.DoantonghiepApplication            : Starting DoantonghiepApplication using Java 21.0.2 with PID 10816 (D:\DATN_KhuatQuanDuong\doantonghiep\target\classes started by ninhn in D:\DATN_KhuatQuanDuong\doantonghiep)
2025-02-21T04:14:17.139+07:00  INFO 10816 --- [doantonghiep] [restartedMain] c.n.d.DoantonghiepApplication            : No active profile set, falling back to 1 default profile: "default"
2025-02-21T04:14:17.191+07:00  INFO 10816 --- [doantonghiep] [restartedMain] .e.DevToolsPropertyDefaultsPostProcessor : Devtools property defaults active! Set 'spring.devtools.add-properties' to 'false' to disable
2025-02-21T04:14:17.191+07:00  INFO 10816 --- [doantonghiep] [restartedMain] .e.DevToolsPropertyDefaultsPostProcessor : For additional web related logging consider setting the 'logging.level.web' property to 'DEBUG'
2025-02-21T04:14:18.117+07:00  INFO 10816 --- [doantonghiep] [restartedMain] .s.d.r.c.RepositoryConfigurationDelegate : Multiple Spring Data modules found, entering strict repository configuration mode
2025-02-21T04:14:18.119+07:00  INFO 10816 --- [doantonghiep] [restartedMain] .s.d.r.c.RepositoryConfigurationDelegate : Bootstrapping Spring Data JDBC repositories in DEFAULT mode.
2025-02-21T04:14:18.167+07:00  INFO 10816 --- [doantonghiep] [restartedMain] .RepositoryConfigurationExtensionSupport : Spring Data JDBC - Could not safely identify store assignment for repository candidate interface com.nckhntu.doantonghiep.Repository.AppointmentRepository; If you want this repository to be a JDBC repository, consider annotating your entities with one of these annotations: org.springframework.data.relational.core.mapping.Table.
2025-02-21T04:14:18.169+07:00  INFO 10816 --- [doantonghiep] [restartedMain] .RepositoryConfigurationExtensionSupport : Spring Data JDBC - Could not safely identify store assignment for repository candidate interface com.nckhntu.doantonghiep.Repository.ChatRepository; If you want this repository to be a JDBC repository, consider annotating your entities with one of these annotations: org.springframework.data.relational.core.mapping.Table.
2025-02-21T04:14:18.171+07:00  INFO 10816 --- [doantonghiep] [restartedMain] .RepositoryConfigurationExtensionSupport : Spring Data JDBC - Could not safely identify store assignment for repository candidate interface com.nckhntu.doantonghiep.Repository.LogRepository; If you want this repository to be a JDBC repository, consider annotating your entities with one of these annotations: org.springframework.data.relational.core.mapping.Table.
2025-02-21T04:14:18.173+07:00  INFO 10816 --- [doantonghiep] [restartedMain] .RepositoryConfigurationExtensionSupport : Spring Data JDBC - Could not safely identify store assignment for repository candidate interface com.nckhntu.doantonghiep.Repository.PetRepository; If you want this repository to be a JDBC repository, consider annotating your entities with one of these annotations: org.springframework.data.relational.core.mapping.Table.
2025-02-21T04:14:18.175+07:00  INFO 10816 --- [doantonghiep] [restartedMain] .RepositoryConfigurationExtensionSupport : Spring Data JDBC - Could not safely identify store assignment for repository candidate interface com.nckhntu.doantonghiep.Repository.ReviewRepository; If you want this repository to be a JDBC repository, consider annotating your entities with one of these annotations: org.springframework.data.relational.core.mapping.Table.
2025-02-21T04:14:18.176+07:00  INFO 10816 --- [doantonghiep] [restartedMain] .RepositoryConfigurationExtensionSupport : Spring Data JDBC - Could not safely identify store assignment for repository candidate interface com.nckhntu.doantonghiep.Repository.RoomRepository; If you want this repository to be a JDBC repository, consider annotating your entities with one of these annotations: org.springframework.data.relational.core.mapping.Table.
2025-02-21T04:14:18.178+07:00  INFO 10816 --- [doantonghiep] [restartedMain] .RepositoryConfigurationExtensionSupport : Spring Data JDBC - Could not safely identify store assignment for repository candidate interface com.nckhntu.doantonghiep.Repository.ServiceRepository; If you want this repository to be a JDBC repository, consider annotating your entities with one of these annotations: org.springframework.data.relational.core.mapping.Table.
2025-02-21T04:14:18.180+07:00  INFO 10816 --- [doantonghiep] [restartedMain] .RepositoryConfigurationExtensionSupport : Spring Data JDBC - Could not safely identify store assignment for repository candidate interface com.nckhntu.doantonghiep.Repository.UserBuyPetRepository; If you want this repository to be a JDBC repository, consider annotating your entities with one of these annotations: org.springframework.data.relational.core.mapping.Table.
2025-02-21T04:14:18.182+07:00  INFO 10816 --- [doantonghiep] [restartedMain] .RepositoryConfigurationExtensionSupport : Spring Data JDBC - Could not safely identify store assignment for repository candidate interface com.nckhntu.doantonghiep.Repository.UserRepository; If you want this repository to be a JDBC repository, consider annotating your entities with one of these annotations: org.springframework.data.relational.core.mapping.Table.
2025-02-21T04:14:18.183+07:00  INFO 10816 --- [doantonghiep] [restartedMain] .s.d.r.c.RepositoryConfigurationDelegate : Finished Spring Data repository scanning in 55 ms. Found 0 JDBC repository interfaces.
2025-02-21T04:14:18.195+07:00  INFO 10816 --- [doantonghiep] [restartedMain] .s.d.r.c.RepositoryConfigurationDelegate : Multiple Spring Data modules found, entering strict repository configuration mode
2025-02-21T04:14:18.196+07:00  INFO 10816 --- [doantonghiep] [restartedMain] .s.d.r.c.RepositoryConfigurationDelegate : Bootstrapping Spring Data JPA repositories in DEFAULT mode.
2025-02-21T04:14:18.345+07:00  INFO 10816 --- [doantonghiep] [restartedMain] .s.d.r.c.RepositoryConfigurationDelegate : Finished Spring Data repository scanning in 144 ms. Found 9 JPA repository interfaces.
2025-02-21T04:14:18.731+07:00  WARN 10816 --- [doantonghiep] [restartedMain] trationDelegate$BeanPostProcessorChecker : Bean 'org.springframework.ws.config.annotation.DelegatingWsConfiguration' of type [org.springframework.ws.config.annotation.DelegatingWsConfiguration$$SpringCGLIB$$0] is not eligible for getting processed by all BeanPostProcessors (for example: not eligible for auto-proxying). The currently created BeanPostProcessor [annotationActionEndpointMapping] is declared through a non-static factory method on that class; consider declaring it as static instead.
2025-02-21T04:14:18.769+07:00  INFO 10816 --- [doantonghiep] [restartedMain] .w.s.a.s.AnnotationActionEndpointMapping : Supporting [WS-Addressing August 2004, WS-Addressing 1.0]
2025-02-21T04:14:19.150+07:00  INFO 10816 --- [doantonghiep] [restartedMain] o.s.b.w.embedded.tomcat.TomcatWebServer  : Tomcat initialized with port 8080 (http)
2025-02-21T04:14:19.171+07:00  INFO 10816 --- [doantonghiep] [restartedMain] o.apache.catalina.core.StandardService   : Starting service [Tomcat]
2025-02-21T04:14:19.172+07:00  INFO 10816 --- [doantonghiep] [restartedMain] o.apache.catalina.core.StandardEngine    : Starting Servlet engine: [Apache Tomcat/10.1.34]
2025-02-21T04:14:19.237+07:00  INFO 10816 --- [doantonghiep] [restartedMain] o.a.c.c.C.[Tomcat].[localhost].[/]       : Initializing Spring embedded WebApplicationContext
2025-02-21T04:14:19.237+07:00  INFO 10816 --- [doantonghiep] [restartedMain] w.s.c.ServletWebServerApplicationContext : Root WebApplicationContext: initialization completed in 2046 ms
2025-02-21T04:14:19.441+07:00  INFO 10816 --- [doantonghiep] [restartedMain] o.hibernate.jpa.internal.util.LogHelper  : HHH000204: Processing PersistenceUnitInfo [name: default]
2025-02-21T04:14:19.506+07:00  INFO 10816 --- [doantonghiep] [restartedMain] org.hibernate.Version                    : HHH000412: Hibernate ORM core version 6.6.5.Final
2025-02-21T04:14:19.542+07:00  INFO 10816 --- [doantonghiep] [restartedMain] o.h.c.internal.RegionFactoryInitiator    : HHH000026: Second-level cache disabled
2025-02-21T04:14:19.842+07:00  INFO 10816 --- [doantonghiep] [restartedMain] o.s.o.j.p.SpringPersistenceUnitInfo      : No LoadTimeWeaver setup: ignoring JPA class transformer
2025-02-21T04:14:19.875+07:00  INFO 10816 --- [doantonghiep] [restartedMain] com.zaxxer.hikari.HikariDataSource       : HikariPool-1 - Starting...
2025-02-21T04:14:20.211+07:00  INFO 10816 --- [doantonghiep] [restartedMain] com.zaxxer.hikari.pool.HikariPool        : HikariPool-1 - Added connection ConnectionID:1 ClientConnectionId: 732c2112-acd3-4110-8da8-877138a6b87a
2025-02-21T04:14:20.213+07:00  INFO 10816 --- [doantonghiep] [restartedMain] com.zaxxer.hikari.HikariDataSource       : HikariPool-1 - Start completed.
2025-02-21T04:14:20.240+07:00  WARN 10816 --- [doantonghiep] [restartedMain] org.hibernate.orm.deprecation            : HHH90000025: SQLServer2012Dialect does not need to be specified explicitly using 'hibernate.dialect' (remove the property setting and it will be selected by default)
2025-02-21T04:14:20.241+07:00  WARN 10816 --- [doantonghiep] [restartedMain] org.hibernate.orm.deprecation            : HHH90000026: SQLServer2012Dialect has been deprecated; use org.hibernate.dialect.SQLServerDialect instead
2025-02-21T04:14:20.266+07:00  INFO 10816 --- [doantonghiep] [restartedMain] org.hibernate.orm.connections.pooling    : HHH10001005: Database info:
	Database JDBC URL [Connecting through datasource 'HikariDataSource (HikariPool-1)']
	Database driver: undefined/unknown
	Database version: 11.0
	Autocommit mode: undefined/unknown
	Isolation level: undefined/unknown
	Minimum pool size: undefined/unknown
	Maximum pool size: undefined/unknown
2025-02-21T04:14:21.357+07:00  INFO 10816 --- [doantonghiep] [restartedMain] o.h.e.t.j.p.i.JtaPlatformInitiator       : HHH000489: No JTA platform available (set 'hibernate.transaction.jta.platform' to enable JTA platform integration)
2025-02-21T04:14:22.188+07:00  INFO 10816 --- [doantonghiep] [restartedMain] j.LocalContainerEntityManagerFactoryBean : Initialized JPA EntityManagerFactory for persistence unit 'default'
2025-02-21T04:14:22.211+07:00  INFO 10816 --- [doantonghiep] [restartedMain] f.a.AutowiredAnnotationBeanPostProcessor : Autowired annotation is not supported on static fields: private static final long com.nckhntu.doantonghiep.Config.JwtAuthenticationEntryPoint.serialVersionUID
2025-02-21T04:14:22.535+07:00  INFO 10816 --- [doantonghiep] [restartedMain] o.s.d.j.r.query.QueryEnhancerFactory     : Hibernate is in classpath; If applicable, HQL parser will be used.
2025-02-21T04:14:24.207+07:00  INFO 10816 --- [doantonghiep] [restartedMain] r$InitializeUserDetailsManagerConfigurer : Global AuthenticationManager configured with UserDetailsService bean with name customUserDetailsService
2025-02-21T04:14:24.741+07:00  WARN 10816 --- [doantonghiep] [restartedMain] JpaBaseConfiguration$JpaWebConfiguration : spring.jpa.open-in-view is enabled by default. Therefore, database queries may be performed during view rendering. Explicitly configure spring.jpa.open-in-view to disable this warning
2025-02-21T04:14:25.607+07:00  WARN 10816 --- [doantonghiep] [restartedMain] o.s.data.convert.CustomConversions       : Registering converter from class microsoft.sql.DateTimeOffset to class java.time.OffsetDateTime as reading converter although it doesn't convert from a store-supported type; You might want to check your annotation setup at the converter implementation
2025-02-21T04:14:25.607+07:00  WARN 10816 --- [doantonghiep] [restartedMain] o.s.data.convert.CustomConversions       : Registering converter from class microsoft.sql.DateTimeOffset to class java.time.Instant as reading converter although it doesn't convert from a store-supported type; You might want to check your annotation setup at the converter implementation
2025-02-21T04:14:25.866+07:00  INFO 10816 --- [doantonghiep] [restartedMain] o.s.b.d.a.OptionalLiveReloadServer       : LiveReload server is running on port 35729
2025-02-21T04:14:26.028+07:00  INFO 10816 --- [doantonghiep] [restartedMain] o.s.b.w.embedded.tomcat.TomcatWebServer  : Tomcat started on port 8080 (http) with context path '/'
2025-02-21T04:14:26.041+07:00  INFO 10816 --- [doantonghiep] [restartedMain] c.n.d.DoantonghiepApplication            : Started DoantonghiepApplication in 9.492 seconds (process running for 10.875)
2025-02-21T04:14:28.097+07:00  INFO 10816 --- [doantonghiep] [http-nio-8080-exec-1] o.a.c.c.C.[Tomcat].[localhost].[/]       : Initializing Spring DispatcherServlet 'dispatcherServlet'
2025-02-21T04:14:28.098+07:00  INFO 10816 --- [doantonghiep] [http-nio-8080-exec-1] o.s.web.servlet.DispatcherServlet        : Initializing Servlet 'dispatcherServlet'
2025-02-21T04:14:28.101+07:00  INFO 10816 --- [doantonghiep] [http-nio-8080-exec-1] o.s.web.servlet.DispatcherServlet        : Completed initialization in 3 ms
2025-02-21T04:15:01.751+07:00  WARN 10816 --- [doantonghiep] [http-nio-8080-exec-7] actStandardFragmentInsertionTagProcessor : [THYMELEAF][http-nio-8080-exec-7][Admin/dashboard] Deprecated unwrapped fragment expression "Admin/Layout/header" found in template Admin/dashboard, line 110, col 11. Please use the complete syntax of fragment expressions instead ("~{Admin/Layout/header}"). The old, unwrapped syntax for fragment expressions will be removed in future versions of Thymeleaf.
2025-02-21T04:15:01.785+07:00  WARN 10816 --- [doantonghiep] [http-nio-8080-exec-7] actStandardFragmentInsertionTagProcessor : [THYMELEAF][http-nio-8080-exec-7][Admin/dashboard] Deprecated unwrapped fragment expression "Admin/Layout/navbar" found in template Admin/dashboard, line 113, col 11. Please use the complete syntax of fragment expressions instead ("~{Admin/Layout/navbar}"). The old, unwrapped syntax for fragment expressions will be removed in future versions of Thymeleaf.
2025-02-21T04:22:52.630+07:00  INFO 10816 --- [doantonghiep] [SpringApplicationShutdownHook] o.s.b.w.e.tomcat.GracefulShutdown        : Commencing graceful shutdown. Waiting for active requests to complete
2025-02-21T04:22:52.663+07:00  INFO 10816 --- [doantonghiep] [tomcat-shutdown] o.s.b.w.e.tomcat.GracefulShutdown        : Graceful shutdown complete
2025-02-21T04:22:52.751+07:00  INFO 10816 --- [doantonghiep] [SpringApplicationShutdownHook] j.LocalContainerEntityManagerFactoryBean : Closing JPA EntityManagerFactory for persistence unit 'default'
2025-02-21T04:22:52.756+07:00  INFO 10816 --- [doantonghiep] [SpringApplicationShutdownHook] com.zaxxer.hikari.HikariDataSource       : HikariPool-1 - Shutdown initiated...
2025-02-21T04:22:52.761+07:00  INFO 10816 --- [doantonghiep] [SpringApplicationShutdownHook] com.zaxxer.hikari.HikariDataSource       : HikariPool-1 - Shutdown completed.
2025-02-21T14:42:12.497+07:00  INFO 15660 --- [doantonghiep] [restartedMain] c.n.d.DoantonghiepApplication            : Starting DoantonghiepApplication using Java 21.0.2 with PID 15660 (D:\DATN_KhuatQuanDuong\doantonghiep\target\classes started by ninhn in D:\DATN_KhuatQuanDuong\doantonghiep)
2025-02-21T14:42:12.503+07:00  INFO 15660 --- [doantonghiep] [restartedMain] c.n.d.DoantonghiepApplication            : No active profile set, falling back to 1 default profile: "default"
2025-02-21T14:42:12.604+07:00  INFO 15660 --- [doantonghiep] [restartedMain] .e.DevToolsPropertyDefaultsPostProcessor : Devtools property defaults active! Set 'spring.devtools.add-properties' to 'false' to disable
2025-02-21T14:42:12.604+07:00  INFO 15660 --- [doantonghiep] [restartedMain] .e.DevToolsPropertyDefaultsPostProcessor : For additional web related logging consider setting the 'logging.level.web' property to 'DEBUG'
2025-02-21T14:42:14.130+07:00  INFO 15660 --- [doantonghiep] [restartedMain] .s.d.r.c.RepositoryConfigurationDelegate : Multiple Spring Data modules found, entering strict repository configuration mode
2025-02-21T14:42:14.131+07:00  INFO 15660 --- [doantonghiep] [restartedMain] .s.d.r.c.RepositoryConfigurationDelegate : Bootstrapping Spring Data JDBC repositories in DEFAULT mode.
2025-02-21T14:42:14.193+07:00  INFO 15660 --- [doantonghiep] [restartedMain] .RepositoryConfigurationExtensionSupport : Spring Data JDBC - Could not safely identify store assignment for repository candidate interface com.nckhntu.doantonghiep.Repository.AppointmentRepository; If you want this repository to be a JDBC repository, consider annotating your entities with one of these annotations: org.springframework.data.relational.core.mapping.Table.
2025-02-21T14:42:14.196+07:00  INFO 15660 --- [doantonghiep] [restartedMain] .RepositoryConfigurationExtensionSupport : Spring Data JDBC - Could not safely identify store assignment for repository candidate interface com.nckhntu.doantonghiep.Repository.ChatRepository; If you want this repository to be a JDBC repository, consider annotating your entities with one of these annotations: org.springframework.data.relational.core.mapping.Table.
2025-02-21T14:42:14.199+07:00  INFO 15660 --- [doantonghiep] [restartedMain] .RepositoryConfigurationExtensionSupport : Spring Data JDBC - Could not safely identify store assignment for repository candidate interface com.nckhntu.doantonghiep.Repository.LogRepository; If you want this repository to be a JDBC repository, consider annotating your entities with one of these annotations: org.springframework.data.relational.core.mapping.Table.
2025-02-21T14:42:14.202+07:00  INFO 15660 --- [doantonghiep] [restartedMain] .RepositoryConfigurationExtensionSupport : Spring Data JDBC - Could not safely identify store assignment for repository candidate interface com.nckhntu.doantonghiep.Repository.PetRepository; If you want this repository to be a JDBC repository, consider annotating your entities with one of these annotations: org.springframework.data.relational.core.mapping.Table.
2025-02-21T14:42:14.205+07:00  INFO 15660 --- [doantonghiep] [restartedMain] .RepositoryConfigurationExtensionSupport : Spring Data JDBC - Could not safely identify store assignment for repository candidate interface com.nckhntu.doantonghiep.Repository.ReviewRepository; If you want this repository to be a JDBC repository, consider annotating your entities with one of these annotations: org.springframework.data.relational.core.mapping.Table.
2025-02-21T14:42:14.208+07:00  INFO 15660 --- [doantonghiep] [restartedMain] .RepositoryConfigurationExtensionSupport : Spring Data JDBC - Could not safely identify store assignment for repository candidate interface com.nckhntu.doantonghiep.Repository.RoomRepository; If you want this repository to be a JDBC repository, consider annotating your entities with one of these annotations: org.springframework.data.relational.core.mapping.Table.
2025-02-21T14:42:14.211+07:00  INFO 15660 --- [doantonghiep] [restartedMain] .RepositoryConfigurationExtensionSupport : Spring Data JDBC - Could not safely identify store assignment for repository candidate interface com.nckhntu.doantonghiep.Repository.ServiceRepository; If you want this repository to be a JDBC repository, consider annotating your entities with one of these annotations: org.springframework.data.relational.core.mapping.Table.
2025-02-21T14:42:14.213+07:00  INFO 15660 --- [doantonghiep] [restartedMain] .RepositoryConfigurationExtensionSupport : Spring Data JDBC - Could not safely identify store assignment for repository candidate interface com.nckhntu.doantonghiep.Repository.UserBuyPetRepository; If you want this repository to be a JDBC repository, consider annotating your entities with one of these annotations: org.springframework.data.relational.core.mapping.Table.
2025-02-21T14:42:14.217+07:00  INFO 15660 --- [doantonghiep] [restartedMain] .RepositoryConfigurationExtensionSupport : Spring Data JDBC - Could not safely identify store assignment for repository candidate interface com.nckhntu.doantonghiep.Repository.UserRepository; If you want this repository to be a JDBC repository, consider annotating your entities with one of these annotations: org.springframework.data.relational.core.mapping.Table.
2025-02-21T14:42:14.218+07:00  INFO 15660 --- [doantonghiep] [restartedMain] .s.d.r.c.RepositoryConfigurationDelegate : Finished Spring Data repository scanning in 75 ms. Found 0 JDBC repository interfaces.
2025-02-21T14:42:14.234+07:00  INFO 15660 --- [doantonghiep] [restartedMain] .s.d.r.c.RepositoryConfigurationDelegate : Multiple Spring Data modules found, entering strict repository configuration mode
2025-02-21T14:42:14.235+07:00  INFO 15660 --- [doantonghiep] [restartedMain] .s.d.r.c.RepositoryConfigurationDelegate : Bootstrapping Spring Data JPA repositories in DEFAULT mode.
2025-02-21T14:42:14.528+07:00  INFO 15660 --- [doantonghiep] [restartedMain] .s.d.r.c.RepositoryConfigurationDelegate : Finished Spring Data repository scanning in 286 ms. Found 9 JPA repository interfaces.
2025-02-21T14:42:15.076+07:00  WARN 15660 --- [doantonghiep] [restartedMain] trationDelegate$BeanPostProcessorChecker : Bean 'org.springframework.ws.config.annotation.DelegatingWsConfiguration' of type [org.springframework.ws.config.annotation.DelegatingWsConfiguration$$SpringCGLIB$$0] is not eligible for getting processed by all BeanPostProcessors (for example: not eligible for auto-proxying). The currently created BeanPostProcessor [annotationActionEndpointMapping] is declared through a non-static factory method on that class; consider declaring it as static instead.
2025-02-21T14:42:15.162+07:00  INFO 15660 --- [doantonghiep] [restartedMain] .w.s.a.s.AnnotationActionEndpointMapping : Supporting [WS-Addressing August 2004, WS-Addressing 1.0]
2025-02-21T14:42:15.669+07:00  INFO 15660 --- [doantonghiep] [restartedMain] o.s.b.w.embedded.tomcat.TomcatWebServer  : Tomcat initialized with port 8080 (http)
2025-02-21T14:42:15.685+07:00  INFO 15660 --- [doantonghiep] [restartedMain] o.apache.catalina.core.StandardService   : Starting service [Tomcat]
2025-02-21T14:42:15.685+07:00  INFO 15660 --- [doantonghiep] [restartedMain] o.apache.catalina.core.StandardEngine    : Starting Servlet engine: [Apache Tomcat/10.1.34]
2025-02-21T14:42:15.756+07:00  INFO 15660 --- [doantonghiep] [restartedMain] o.a.c.c.C.[Tomcat].[localhost].[/]       : Initializing Spring embedded WebApplicationContext
2025-02-21T14:42:15.757+07:00  INFO 15660 --- [doantonghiep] [restartedMain] w.s.c.ServletWebServerApplicationContext : Root WebApplicationContext: initialization completed in 3150 ms
2025-02-21T14:42:16.313+07:00  INFO 15660 --- [doantonghiep] [restartedMain] o.hibernate.jpa.internal.util.LogHelper  : HHH000204: Processing PersistenceUnitInfo [name: default]
2025-02-21T14:42:16.515+07:00  INFO 15660 --- [doantonghiep] [restartedMain] org.hibernate.Version                    : HHH000412: Hibernate ORM core version 6.6.5.Final
2025-02-21T14:42:16.638+07:00  INFO 15660 --- [doantonghiep] [restartedMain] o.h.c.internal.RegionFactoryInitiator    : HHH000026: Second-level cache disabled
2025-02-21T14:42:17.387+07:00  INFO 15660 --- [doantonghiep] [restartedMain] o.s.o.j.p.SpringPersistenceUnitInfo      : No LoadTimeWeaver setup: ignoring JPA class transformer
2025-02-21T14:42:17.457+07:00  INFO 15660 --- [doantonghiep] [restartedMain] com.zaxxer.hikari.HikariDataSource       : HikariPool-1 - Starting...
2025-02-21T14:42:18.224+07:00  INFO 15660 --- [doantonghiep] [restartedMain] com.zaxxer.hikari.pool.HikariPool        : HikariPool-1 - Added connection ConnectionID:1 ClientConnectionId: 3f0463f5-15d4-42a2-9707-c3b7ee71b24a
2025-02-21T14:42:18.228+07:00  INFO 15660 --- [doantonghiep] [restartedMain] com.zaxxer.hikari.HikariDataSource       : HikariPool-1 - Start completed.
2025-02-21T14:42:18.303+07:00  WARN 15660 --- [doantonghiep] [restartedMain] org.hibernate.orm.deprecation            : HHH90000025: SQLServer2012Dialect does not need to be specified explicitly using 'hibernate.dialect' (remove the property setting and it will be selected by default)
2025-02-21T14:42:18.306+07:00  WARN 15660 --- [doantonghiep] [restartedMain] org.hibernate.orm.deprecation            : HHH90000026: SQLServer2012Dialect has been deprecated; use org.hibernate.dialect.SQLServerDialect instead
2025-02-21T14:42:18.380+07:00  INFO 15660 --- [doantonghiep] [restartedMain] org.hibernate.orm.connections.pooling    : HHH10001005: Database info:
	Database JDBC URL [Connecting through datasource 'HikariDataSource (HikariPool-1)']
	Database driver: undefined/unknown
	Database version: 11.0
	Autocommit mode: undefined/unknown
	Isolation level: undefined/unknown
	Minimum pool size: undefined/unknown
	Maximum pool size: undefined/unknown
2025-02-21T14:42:21.334+07:00  INFO 15660 --- [doantonghiep] [restartedMain] o.h.e.t.j.p.i.JtaPlatformInitiator       : HHH000489: No JTA platform available (set 'hibernate.transaction.jta.platform' to enable JTA platform integration)
2025-02-21T14:42:22.466+07:00  INFO 15660 --- [doantonghiep] [restartedMain] j.LocalContainerEntityManagerFactoryBean : Initialized JPA EntityManagerFactory for persistence unit 'default'
2025-02-21T14:42:22.497+07:00  INFO 15660 --- [doantonghiep] [restartedMain] f.a.AutowiredAnnotationBeanPostProcessor : Autowired annotation is not supported on static fields: private static final long com.nckhntu.doantonghiep.Config.JwtAuthenticationEntryPoint.serialVersionUID
2025-02-21T14:42:22.999+07:00  INFO 15660 --- [doantonghiep] [restartedMain] o.s.d.j.r.query.QueryEnhancerFactory     : Hibernate is in classpath; If applicable, HQL parser will be used.
2025-02-21T14:42:24.135+07:00  INFO 15660 --- [doantonghiep] [restartedMain] r$InitializeUserDetailsManagerConfigurer : Global AuthenticationManager configured with UserDetailsService bean with name customUserDetailsService
2025-02-21T14:42:24.594+07:00  WARN 15660 --- [doantonghiep] [restartedMain] JpaBaseConfiguration$JpaWebConfiguration : spring.jpa.open-in-view is enabled by default. Therefore, database queries may be performed during view rendering. Explicitly configure spring.jpa.open-in-view to disable this warning
2025-02-21T14:42:25.409+07:00  WARN 15660 --- [doantonghiep] [restartedMain] o.s.data.convert.CustomConversions       : Registering converter from class microsoft.sql.DateTimeOffset to class java.time.OffsetDateTime as reading converter although it doesn't convert from a store-supported type; You might want to check your annotation setup at the converter implementation
2025-02-21T14:42:25.409+07:00  WARN 15660 --- [doantonghiep] [restartedMain] o.s.data.convert.CustomConversions       : Registering converter from class microsoft.sql.DateTimeOffset to class java.time.Instant as reading converter although it doesn't convert from a store-supported type; You might want to check your annotation setup at the converter implementation
2025-02-21T14:42:25.634+07:00  INFO 15660 --- [doantonghiep] [restartedMain] o.s.b.d.a.OptionalLiveReloadServer       : LiveReload server is running on port 35729
2025-02-21T14:42:25.787+07:00  INFO 15660 --- [doantonghiep] [restartedMain] o.s.b.w.embedded.tomcat.TomcatWebServer  : Tomcat started on port 8080 (http) with context path '/'
2025-02-21T14:42:25.797+07:00  INFO 15660 --- [doantonghiep] [restartedMain] c.n.d.DoantonghiepApplication            : Started DoantonghiepApplication in 14.345 seconds (process running for 16.512)
2025-02-21T14:42:51.328+07:00  INFO 15660 --- [doantonghiep] [http-nio-8080-exec-1] o.a.c.c.C.[Tomcat].[localhost].[/]       : Initializing Spring DispatcherServlet 'dispatcherServlet'
2025-02-21T14:42:51.329+07:00  INFO 15660 --- [doantonghiep] [http-nio-8080-exec-1] o.s.web.servlet.DispatcherServlet        : Initializing Servlet 'dispatcherServlet'
2025-02-21T14:42:51.331+07:00  INFO 15660 --- [doantonghiep] [http-nio-8080-exec-1] o.s.web.servlet.DispatcherServlet        : Completed initialization in 2 ms
2025-02-21T14:42:51.899+07:00  WARN 15660 --- [doantonghiep] [http-nio-8080-exec-2] o.s.web.servlet.PageNotFound             : No mapping for GET /favicon.ico
2025-02-21T14:42:51.913+07:00  WARN 15660 --- [doantonghiep] [http-nio-8080-exec-2] o.s.web.servlet.PageNotFound             : No endpoint GET /favicon.ico.
2025-02-21T14:43:50.548+07:00  WARN 15660 --- [doantonghiep] [http-nio-8080-exec-4] actStandardFragmentInsertionTagProcessor : [THYMELEAF][http-nio-8080-exec-4][Admin/dashboard] Deprecated unwrapped fragment expression "Admin/Layout/header" found in template Admin/dashboard, line 110, col 11. Please use the complete syntax of fragment expressions instead ("~{Admin/Layout/header}"). The old, unwrapped syntax for fragment expressions will be removed in future versions of Thymeleaf.
2025-02-21T14:43:50.571+07:00  WARN 15660 --- [doantonghiep] [http-nio-8080-exec-4] actStandardFragmentInsertionTagProcessor : [THYMELEAF][http-nio-8080-exec-4][Admin/dashboard] Deprecated unwrapped fragment expression "Admin/Layout/navbar" found in template Admin/dashboard, line 113, col 11. Please use the complete syntax of fragment expressions instead ("~{Admin/Layout/navbar}"). The old, unwrapped syntax for fragment expressions will be removed in future versions of Thymeleaf.
2025-02-21T14:43:56.940+07:00  WARN 15660 --- [doantonghiep] [http-nio-8080-exec-8] actStandardFragmentInsertionTagProcessor : [THYMELEAF][http-nio-8080-exec-8][Admin/Users/List-User] Deprecated unwrapped fragment expression "Admin/Layout/header" found in template Admin/Users/List-User, line 50, col 11. Please use the complete syntax of fragment expressions instead ("~{Admin/Layout/header}"). The old, unwrapped syntax for fragment expressions will be removed in future versions of Thymeleaf.
2025-02-21T14:43:56.943+07:00  WARN 15660 --- [doantonghiep] [http-nio-8080-exec-8] actStandardFragmentInsertionTagProcessor : [THYMELEAF][http-nio-8080-exec-8][Admin/Users/List-User] Deprecated unwrapped fragment expression "Admin/Layout/navbar" found in template Admin/Users/List-User, line 51, col 11. Please use the complete syntax of fragment expressions instead ("~{Admin/Layout/navbar}"). The old, unwrapped syntax for fragment expressions will be removed in future versions of Thymeleaf.
2025-02-21T14:44:00.053+07:00  WARN 15660 --- [doantonghiep] [http-nio-8080-exec-2] actStandardFragmentInsertionTagProcessor : [THYMELEAF][http-nio-8080-exec-2][home] Deprecated unwrapped fragment expression "Layout/Header" found in template home, line 133, col 11. Please use the complete syntax of fragment expressions instead ("~{Layout/Header}"). The old, unwrapped syntax for fragment expressions will be removed in future versions of Thymeleaf.
2025-02-21T14:44:00.082+07:00  WARN 15660 --- [doantonghiep] [http-nio-8080-exec-2] actStandardFragmentInsertionTagProcessor : [THYMELEAF][http-nio-8080-exec-2][home] Deprecated unwrapped fragment expression "Layout/Footer" found in template home, line 219, col 11. Please use the complete syntax of fragment expressions instead ("~{Layout/Footer}"). The old, unwrapped syntax for fragment expressions will be removed in future versions of Thymeleaf.
2025-02-21T14:44:38.376+07:00  WARN 15660 --- [doantonghiep] [http-nio-8080-exec-9] actStandardFragmentInsertionTagProcessor : [THYMELEAF][http-nio-8080-exec-9][list-pets] Deprecated unwrapped fragment expression "Layout/Header" found in template list-pets, line 58, col 11. Please use the complete syntax of fragment expressions instead ("~{Layout/Header}"). The old, unwrapped syntax for fragment expressions will be removed in future versions of Thymeleaf.
2025-02-21T14:44:38.383+07:00  WARN 15660 --- [doantonghiep] [http-nio-8080-exec-9] actStandardFragmentInsertionTagProcessor : [THYMELEAF][http-nio-8080-exec-9][list-pets] Deprecated unwrapped fragment expression "Layout/Footer" found in template list-pets, line 126, col 11. Please use the complete syntax of fragment expressions instead ("~{Layout/Footer}"). The old, unwrapped syntax for fragment expressions will be removed in future versions of Thymeleaf.
2025-02-21T14:45:11.013+07:00  WARN 15660 --- [doantonghiep] [http-nio-8080-exec-7] actStandardFragmentInsertionTagProcessor : [THYMELEAF][http-nio-8080-exec-7][create-appointments] Deprecated unwrapped fragment expression "Layout/Header" found in template create-appointments, line 18, col 11. Please use the complete syntax of fragment expressions instead ("~{Layout/Header}"). The old, unwrapped syntax for fragment expressions will be removed in future versions of Thymeleaf.
2025-02-21T14:45:11.018+07:00  WARN 15660 --- [doantonghiep] [http-nio-8080-exec-7] actStandardFragmentInsertionTagProcessor : [THYMELEAF][http-nio-8080-exec-7][create-appointments] Deprecated unwrapped fragment expression "Layout/Footer" found in template create-appointments, line 52, col 11. Please use the complete syntax of fragment expressions instead ("~{Layout/Footer}"). The old, unwrapped syntax for fragment expressions will be removed in future versions of Thymeleaf.
2025-02-21T14:45:40.024+07:00  WARN 15660 --- [doantonghiep] [http-nio-8080-exec-5] actStandardFragmentInsertionTagProcessor : [THYMELEAF][http-nio-8080-exec-5][list-service] Deprecated unwrapped fragment expression "Layout/Header" found in template list-service, line 58, col 11. Please use the complete syntax of fragment expressions instead ("~{Layout/Header}"). The old, unwrapped syntax for fragment expressions will be removed in future versions of Thymeleaf.
2025-02-21T14:45:40.028+07:00  WARN 15660 --- [doantonghiep] [http-nio-8080-exec-5] actStandardFragmentInsertionTagProcessor : [THYMELEAF][http-nio-8080-exec-5][list-service] Deprecated unwrapped fragment expression "Layout/Footer" found in template list-service, line 126, col 11. Please use the complete syntax of fragment expressions instead ("~{Layout/Footer}"). The old, unwrapped syntax for fragment expressions will be removed in future versions of Thymeleaf.
2025-02-21T14:45:42.210+07:00  WARN 15660 --- [doantonghiep] [http-nio-8080-exec-1] actStandardFragmentInsertionTagProcessor : [THYMELEAF][http-nio-8080-exec-1][Admin/dashboard] Deprecated unwrapped fragment expression "Admin/Layout/header" found in template Admin/dashboard, line 110, col 11. Please use the complete syntax of fragment expressions instead ("~{Admin/Layout/header}"). The old, unwrapped syntax for fragment expressions will be removed in future versions of Thymeleaf.
2025-02-21T14:45:42.212+07:00  WARN 15660 --- [doantonghiep] [http-nio-8080-exec-1] actStandardFragmentInsertionTagProcessor : [THYMELEAF][http-nio-8080-exec-1][Admin/dashboard] Deprecated unwrapped fragment expression "Admin/Layout/navbar" found in template Admin/dashboard, line 113, col 11. Please use the complete syntax of fragment expressions instead ("~{Admin/Layout/navbar}"). The old, unwrapped syntax for fragment expressions will be removed in future versions of Thymeleaf.
2025-02-21T14:45:59.689+07:00  WARN 15660 --- [doantonghiep] [http-nio-8080-exec-10] actStandardFragmentInsertionTagProcessor : [THYMELEAF][http-nio-8080-exec-10][Admin/Pets/list] Deprecated unwrapped fragment expression "Admin/Layout/header" found in template Admin/Pets/list, line 89, col 11. Please use the complete syntax of fragment expressions instead ("~{Admin/Layout/header}"). The old, unwrapped syntax for fragment expressions will be removed in future versions of Thymeleaf.
2025-02-21T14:45:59.691+07:00  WARN 15660 --- [doantonghiep] [http-nio-8080-exec-10] actStandardFragmentInsertionTagProcessor : [THYMELEAF][http-nio-8080-exec-10][Admin/Pets/list] Deprecated unwrapped fragment expression "Admin/Layout/navbar" found in template Admin/Pets/list, line 92, col 11. Please use the complete syntax of fragment expressions instead ("~{Admin/Layout/navbar}"). The old, unwrapped syntax for fragment expressions will be removed in future versions of Thymeleaf.
2025-02-21T14:46:37.919+07:00  WARN 15660 --- [doantonghiep] [http-nio-8080-exec-8] actStandardFragmentInsertionTagProcessor : [THYMELEAF][http-nio-8080-exec-8][Admin/Room/List_room] Deprecated unwrapped fragment expression "Admin/Layout/header" found in template Admin/Room/List_room, line 69, col 11. Please use the complete syntax of fragment expressions instead ("~{Admin/Layout/header}"). The old, unwrapped syntax for fragment expressions will be removed in future versions of Thymeleaf.
2025-02-21T14:46:37.920+07:00  WARN 15660 --- [doantonghiep] [http-nio-8080-exec-8] actStandardFragmentInsertionTagProcessor : [THYMELEAF][http-nio-8080-exec-8][Admin/Room/List_room] Deprecated unwrapped fragment expression "Admin/Layout/navbar" found in template Admin/Room/List_room, line 72, col 11. Please use the complete syntax of fragment expressions instead ("~{Admin/Layout/navbar}"). The old, unwrapped syntax for fragment expressions will be removed in future versions of Thymeleaf.
2025-02-21T14:46:39.551+07:00  WARN 15660 --- [doantonghiep] [http-nio-8080-exec-5] actStandardFragmentInsertionTagProcessor : [THYMELEAF][http-nio-8080-exec-5][Admin/Room/ChatRoom] Deprecated unwrapped fragment expression "Admin/Layout/header" found in template Admin/Room/ChatRoom, line 81, col 11. Please use the complete syntax of fragment expressions instead ("~{Admin/Layout/header}"). The old, unwrapped syntax for fragment expressions will be removed in future versions of Thymeleaf.
2025-02-21T14:46:39.553+07:00  WARN 15660 --- [doantonghiep] [http-nio-8080-exec-5] actStandardFragmentInsertionTagProcessor : [THYMELEAF][http-nio-8080-exec-5][Admin/Room/ChatRoom] Deprecated unwrapped fragment expression "Admin/Layout/navbar" found in template Admin/Room/ChatRoom, line 82, col 11. Please use the complete syntax of fragment expressions instead ("~{Admin/Layout/navbar}"). The old, unwrapped syntax for fragment expressions will be removed in future versions of Thymeleaf.
2025-02-21T14:47:05.002+07:00  WARN 15660 --- [doantonghiep] [http-nio-8080-exec-1] actStandardFragmentInsertionTagProcessor : [THYMELEAF][http-nio-8080-exec-1][Appointments/list] Deprecated unwrapped fragment expression "Admin/Layout/header" found in template Appointments/list, line 24, col 11. Please use the complete syntax of fragment expressions instead ("~{Admin/Layout/header}"). The old, unwrapped syntax for fragment expressions will be removed in future versions of Thymeleaf.
2025-02-21T14:47:05.007+07:00  WARN 15660 --- [doantonghiep] [http-nio-8080-exec-1] actStandardFragmentInsertionTagProcessor : [THYMELEAF][http-nio-8080-exec-1][Appointments/list] Deprecated unwrapped fragment expression "Admin/Layout/navbar" found in template Appointments/list, line 25, col 11. Please use the complete syntax of fragment expressions instead ("~{Admin/Layout/navbar}"). The old, unwrapped syntax for fragment expressions will be removed in future versions of Thymeleaf.
2025-02-21T14:47:08.000+07:00  WARN 15660 --- [doantonghiep] [http-nio-8080-exec-10] actStandardFragmentInsertionTagProcessor : [THYMELEAF][http-nio-8080-exec-10][Profiles/Profile] Deprecated unwrapped fragment expression "Layout/Header" found in template Profiles/Profile, line 103, col 11. Please use the complete syntax of fragment expressions instead ("~{Layout/Header}"). The old, unwrapped syntax for fragment expressions will be removed in future versions of Thymeleaf.
2025-02-21T14:47:08.004+07:00  WARN 15660 --- [doantonghiep] [http-nio-8080-exec-10] actStandardFragmentInsertionTagProcessor : [THYMELEAF][http-nio-8080-exec-10][Profiles/Profile] Deprecated unwrapped fragment expression "Layout/Footer" found in template Profiles/Profile, line 160, col 11. Please use the complete syntax of fragment expressions instead ("~{Layout/Footer}"). The old, unwrapped syntax for fragment expressions will be removed in future versions of Thymeleaf.
2025-02-21T15:21:08.057+07:00  INFO 15660 --- [doantonghiep] [SpringApplicationShutdownHook] o.s.b.w.e.tomcat.GracefulShutdown        : Commencing graceful shutdown. Waiting for active requests to complete
2025-02-21T15:21:08.139+07:00  INFO 15660 --- [doantonghiep] [tomcat-shutdown] o.s.b.w.e.tomcat.GracefulShutdown        : Graceful shutdown complete
2025-02-21T15:21:08.252+07:00  INFO 15660 --- [doantonghiep] [SpringApplicationShutdownHook] j.LocalContainerEntityManagerFactoryBean : Closing JPA EntityManagerFactory for persistence unit 'default'
2025-02-21T15:21:08.260+07:00  INFO 15660 --- [doantonghiep] [SpringApplicationShutdownHook] com.zaxxer.hikari.HikariDataSource       : HikariPool-1 - Shutdown initiated...
2025-02-21T15:21:08.269+07:00  INFO 15660 --- [doantonghiep] [SpringApplicationShutdownHook] com.zaxxer.hikari.HikariDataSource       : HikariPool-1 - Shutdown completed.
